2018-12-22 17:43:56.033 [restartedMain] INFO  org.mintleaf.MintLeafApplication - Starting MintLeafApplication on MRH with PID 7704 (E:\item\fast\mintleaf-fast\target\classes started by mrh in E:\item\fast\mintleaf-fast)
2018-12-22 17:43:56.038 [restartedMain] INFO  org.mintleaf.MintLeafApplication - No active profile set, falling back to default profiles: default
2018-12-22 17:43:56.100 [restartedMain] INFO  o.s.b.w.s.c.AnnotationConfigServletWebServerApplicationContext - Refreshing org.springframework.boot.web.servlet.context.AnnotationConfigServletWebServerApplicationContext@51a21445: startup date [Sat Dec 22 17:43:56 GMT+08:00 2018]; root of context hierarchy
2018-12-22 17:43:58.294 [restartedMain] INFO  o.s.d.r.config.RepositoryConfigurationDelegate - Multiple Spring Data modules found, entering strict repository configuration mode!
2018-12-22 17:43:58.997 [restartedMain] INFO  o.s.c.s.PostProcessorRegistrationDelegate$BeanPostProcessorChecker - Bean 'org.apache.shiro.spring.boot.autoconfigure.ShiroBeanAutoConfiguration' of type [org.apache.shiro.spring.boot.autoconfigure.ShiroBeanAutoConfiguration$$EnhancerBySpringCGLIB$$58acd3ad] is not eligible for getting processed by all BeanPostProcessors (for example: not eligible for auto-proxying)
2018-12-22 17:43:59.082 [restartedMain] INFO  o.s.c.s.PostProcessorRegistrationDelegate$BeanPostProcessorChecker - Bean 'org.apache.shiro.spring.boot.autoconfigure.ShiroAnnotationProcessorAutoConfiguration' of type [org.apache.shiro.spring.boot.autoconfigure.ShiroAnnotationProcessorAutoConfiguration$$EnhancerBySpringCGLIB$$5b401252] is not eligible for getting processed by all BeanPostProcessors (for example: not eligible for auto-proxying)
2018-12-22 17:43:59.162 [restartedMain] INFO  o.s.c.s.PostProcessorRegistrationDelegate$BeanPostProcessorChecker - Bean 'shiroConfig' of type [org.mintleaf.config.ShiroConfig$$EnhancerBySpringCGLIB$$d5f1696d] is not eligible for getting processed by all BeanPostProcessors (for example: not eligible for auto-proxying)
2018-12-22 17:43:59.183 [restartedMain] INFO  o.s.c.s.PostProcessorRegistrationDelegate$BeanPostProcessorChecker - Bean 'org.springframework.transaction.annotation.ProxyTransactionManagementConfiguration' of type [org.springframework.transaction.annotation.ProxyTransactionManagementConfiguration$$EnhancerBySpringCGLIB$$4593f5fd] is not eligible for getting processed by all BeanPostProcessors (for example: not eligible for auto-proxying)
2018-12-22 17:43:59.301 [restartedMain] INFO  o.s.c.s.PostProcessorRegistrationDelegate$BeanPostProcessorChecker - Bean 'dataSourceConfig' of type [org.mintleaf.config.DataSourceConfig$$EnhancerBySpringCGLIB$$3c52a231] is not eligible for getting processed by all BeanPostProcessors (for example: not eligible for auto-proxying)
2018-12-22 17:43:59.456 [restartedMain] INFO  o.s.c.s.PostProcessorRegistrationDelegate$BeanPostProcessorChecker - Bean 'core' of type [com.alibaba.druid.pool.DruidDataSource] is not eligible for getting processed by all BeanPostProcessors (for example: not eligible for auto-proxying)
2018-12-22 17:43:59.492 [restartedMain] INFO  o.s.c.s.PostProcessorRegistrationDelegate$BeanPostProcessorChecker - Bean 'org.springframework.boot.context.properties.ConversionServiceDeducer$Factory' of type [org.springframework.boot.context.properties.ConversionServiceDeducer$Factory] is not eligible for getting processed by all BeanPostProcessors (for example: not eligible for auto-proxying)
2018-12-22 17:43:59.501 [restartedMain] INFO  o.s.c.s.PostProcessorRegistrationDelegate$BeanPostProcessorChecker - Bean 'spring.datasource-org.springframework.boot.autoconfigure.jdbc.DataSourceProperties' of type [org.springframework.boot.autoconfigure.jdbc.DataSourceProperties] is not eligible for getting processed by all BeanPostProcessors (for example: not eligible for auto-proxying)
2018-12-22 17:43:59.519 [restartedMain] INFO  o.s.c.s.PostProcessorRegistrationDelegate$BeanPostProcessorChecker - Bean 'org.springframework.boot.autoconfigure.jdbc.DataSourceInitializerInvoker' of type [org.springframework.boot.autoconfigure.jdbc.DataSourceInitializerInvoker] is not eligible for getting processed by all BeanPostProcessors (for example: not eligible for auto-proxying)
2018-12-22 17:43:59.520 [restartedMain] INFO  o.s.c.s.PostProcessorRegistrationDelegate$BeanPostProcessorChecker - Bean 'coreBeetlSqlDataSourceBean' of type [org.beetl.sql.ext.spring4.BeetlSqlDataSource] is not eligible for getting processed by all BeanPostProcessors (for example: not eligible for auto-proxying)
2018-12-22 17:43:59.525 [restartedMain] INFO  o.s.c.s.PostProcessorRegistrationDelegate$BeanPostProcessorChecker - Bean 'coreSqlManagerFactoryBean' of type [org.beetl.sql.ext.spring4.SqlManagerFactoryBean] is not eligible for getting processed by all BeanPostProcessors (for example: not eligible for auto-proxying)
2018-12-22 17:44:00.124 [restartedMain] INFO  com.alibaba.druid.pool.DruidDataSource - {dataSource-1} inited
2018-12-22 17:44:00.138 [restartedMain] INFO  o.s.c.s.PostProcessorRegistrationDelegate$BeanPostProcessorChecker - Bean 'coreSqlManagerFactoryBean' of type [org.beetl.sql.core.SQLManager] is not eligible for getting processed by all BeanPostProcessors (for example: not eligible for auto-proxying)
2018-12-22 17:44:00.138 [restartedMain] INFO  o.s.c.s.PostProcessorRegistrationDelegate$BeanPostProcessorChecker - Bean 'coreUserDao' of type [org.beetl.sql.ext.spring4.BeetlSqlFactoryBean] is not eligible for getting processed by all BeanPostProcessors (for example: not eligible for auto-proxying)
2018-12-22 17:44:00.149 [restartedMain] INFO  o.s.c.s.PostProcessorRegistrationDelegate$BeanPostProcessorChecker - Bean 'coreUserDao' of type [com.sun.proxy.$Proxy61] is not eligible for getting processed by all BeanPostProcessors (for example: not eligible for auto-proxying)
2018-12-22 17:44:00.154 [restartedMain] INFO  o.s.c.s.PostProcessorRegistrationDelegate$BeanPostProcessorChecker - Bean 'coreRoleDao' of type [org.beetl.sql.ext.spring4.BeetlSqlFactoryBean] is not eligible for getting processed by all BeanPostProcessors (for example: not eligible for auto-proxying)
2018-12-22 17:44:00.156 [restartedMain] INFO  o.s.c.s.PostProcessorRegistrationDelegate$BeanPostProcessorChecker - Bean 'coreRoleDao' of type [com.sun.proxy.$Proxy63] is not eligible for getting processed by all BeanPostProcessors (for example: not eligible for auto-proxying)
2018-12-22 17:44:00.158 [restartedMain] INFO  o.s.c.s.PostProcessorRegistrationDelegate$BeanPostProcessorChecker - Bean 'coreMenuDao' of type [org.beetl.sql.ext.spring4.BeetlSqlFactoryBean] is not eligible for getting processed by all BeanPostProcessors (for example: not eligible for auto-proxying)
2018-12-22 17:44:00.162 [restartedMain] INFO  o.s.c.s.PostProcessorRegistrationDelegate$BeanPostProcessorChecker - Bean 'coreMenuDao' of type [com.sun.proxy.$Proxy64] is not eligible for getting processed by all BeanPostProcessors (for example: not eligible for auto-proxying)
2018-12-22 17:44:00.164 [restartedMain] INFO  o.s.c.s.PostProcessorRegistrationDelegate$BeanPostProcessorChecker - Bean 'coreButtonDao' of type [org.beetl.sql.ext.spring4.BeetlSqlFactoryBean] is not eligible for getting processed by all BeanPostProcessors (for example: not eligible for auto-proxying)
2018-12-22 17:44:00.167 [restartedMain] INFO  o.s.c.s.PostProcessorRegistrationDelegate$BeanPostProcessorChecker - Bean 'coreButtonDao' of type [com.sun.proxy.$Proxy65] is not eligible for getting processed by all BeanPostProcessors (for example: not eligible for auto-proxying)
2018-12-22 17:44:00.168 [restartedMain] INFO  o.s.c.s.PostProcessorRegistrationDelegate$BeanPostProcessorChecker - Bean 'myRealm' of type [org.mintleaf.common.Realm] is not eligible for getting processed by all BeanPostProcessors (for example: not eligible for auto-proxying)
2018-12-22 17:44:00.770 [restartedMain] INFO  o.s.c.s.PostProcessorRegistrationDelegate$BeanPostProcessorChecker - Bean 'securityManager' of type [org.apache.shiro.web.mgt.DefaultWebSecurityManager] is not eligible for getting processed by all BeanPostProcessors (for example: not eligible for auto-proxying)
2018-12-22 17:44:00.789 [restartedMain] INFO  o.s.c.s.PostProcessorRegistrationDelegate$BeanPostProcessorChecker - Bean 'authorizationAttributeSourceAdvisor' of type [org.apache.shiro.spring.security.interceptor.AuthorizationAttributeSourceAdvisor] is not eligible for getting processed by all BeanPostProcessors (for example: not eligible for auto-proxying)
2018-12-22 17:44:00.863 [restartedMain] INFO  o.s.c.s.PostProcessorRegistrationDelegate$BeanPostProcessorChecker - Bean 'eventBus' of type [org.apache.shiro.event.support.DefaultEventBus] is not eligible for getting processed by all BeanPostProcessors (for example: not eligible for auto-proxying)
2018-12-22 17:44:01.676 [restartedMain] INFO  o.s.boot.web.embedded.tomcat.TomcatWebServer - Tomcat initialized with port(s): 8017 (http)
2018-12-22 17:44:01.726 [restartedMain] INFO  org.apache.coyote.http11.Http11NioProtocol - Initializing ProtocolHandler ["http-nio-8017"]
2018-12-22 17:44:01.745 [restartedMain] INFO  org.apache.catalina.core.StandardService - Starting service [Tomcat]
2018-12-22 17:44:01.746 [restartedMain] INFO  org.apache.catalina.core.StandardEngine - Starting Servlet Engine: Apache Tomcat/8.5.34
2018-12-22 17:44:01.761 [localhost-startStop-1] INFO  org.apache.catalina.core.AprLifecycleListener - The APR based Apache Tomcat Native library which allows optimal performance in production environments was not found on the java.library.path: [E:\install\jdk1.8\bin;C:\WINDOWS\Sun\Java\bin;C:\WINDOWS\system32;C:\WINDOWS;E:\install\jdk1.8\jre\bin;E:/install/jdk1.8/bin/../jre/bin/server;E:/install/jdk1.8/bin/../jre/bin;E:/install/jdk1.8/bin/../jre/lib/amd64;C:\Program Files (x86)\Common Files\Oracle\Java\javapath;C:\ProgramData\Oracle\Java\javapath;C:\Program Files (x86)\Intel\Intel(R) Management Engine Components\iCLS\;C:\Program Files\Intel\Intel(R) Management Engine Components\iCLS\;C:\WINDOWS\system32;C:\WINDOWS;C:\WINDOWS\System32\Wbem;C:\WINDOWS\System32\WindowsPowerShell\v1.0\;C:\Program Files (x86)\Intel\Intel(R) Management Engine Components\DAL;C:\Program Files\Intel\Intel(R) Management Engine Components\DAL;C:\Program Files (x86)\Intel\Intel(R) Management Engine Components\IPT;C:\Program Files\Intel\Intel(R) Management Engine Components\IPT;E:\install\scala\bin;C:\WINDOWS\System32\OpenSSH\;E:\install\Git\cmd;C:\Users\mrh\AppData\Local\Microsoft\WindowsApps;E:\install\gradle-4.7\bin;;C:\Users\mrh\Desktop;;.]
2018-12-22 17:44:02.038 [localhost-startStop-1] INFO  o.a.c.core.ContainerBase.[Tomcat].[localhost].[/] - Initializing Spring embedded WebApplicationContext
2018-12-22 17:44:02.038 [localhost-startStop-1] INFO  org.springframework.web.context.ContextLoader - Root WebApplicationContext: initialization completed in 5938 ms
2018-12-22 17:44:02.065 [localhost-startStop-1] INFO  org.mintleaf.config.DruidConfig - init Druid Servlet Configuration 
2018-12-22 17:44:02.264 [localhost-startStop-1] INFO  o.s.boot.web.servlet.ServletRegistrationBean - Servlet statViewServlet mapped to [/druid/*]
2018-12-22 17:44:02.266 [localhost-startStop-1] INFO  o.s.boot.web.servlet.ServletRegistrationBean - Servlet dispatcherServlet mapped to [/]
2018-12-22 17:44:02.272 [localhost-startStop-1] INFO  o.s.boot.web.servlet.FilterRegistrationBean - Mapping filter: 'characterEncodingFilter' to: [/*]
2018-12-22 17:44:02.272 [localhost-startStop-1] INFO  o.s.boot.web.servlet.FilterRegistrationBean - Mapping filter: 'hiddenHttpMethodFilter' to: [/*]
2018-12-22 17:44:02.272 [localhost-startStop-1] INFO  o.s.boot.web.servlet.FilterRegistrationBean - Mapping filter: 'httpPutFormContentFilter' to: [/*]
2018-12-22 17:44:02.272 [localhost-startStop-1] INFO  o.s.boot.web.servlet.FilterRegistrationBean - Mapping filter: 'requestContextFilter' to: [/*]
2018-12-22 17:44:02.273 [localhost-startStop-1] INFO  o.s.boot.web.servlet.FilterRegistrationBean - Mapping filter: 'webStatFilter' to urls: [/*]
2018-12-22 17:44:02.273 [localhost-startStop-1] INFO  o.s.boot.web.servlet.FilterRegistrationBean - Mapping filter: 'shiroFilterFactoryBean' to: [/*]
2018-12-22 17:44:03.819 [restartedMain] INFO  o.s.w.s.m.m.a.RequestMappingHandlerMapping - Mapped "{[/captcha/getCaptcha.jpg],methods=[GET]}" onto public void org.mintleaf.modules.core.controller.CaptchaController.getKaptchaImage(javax.servlet.http.HttpServletRequest,javax.servlet.http.HttpServletResponse) throws java.lang.Exception
2018-12-22 17:44:03.820 [restartedMain] INFO  o.s.w.s.m.m.a.RequestMappingHandlerMapping - Mapped "{[/captcha/test.do]}" onto public java.lang.String org.mintleaf.modules.core.controller.CaptchaController.hello(javax.servlet.http.HttpServletRequest)
2018-12-22 17:44:03.821 [restartedMain] INFO  o.s.w.s.m.m.a.RequestMappingHandlerMapping - Mapped "{[/captcha/index.html],methods=[GET]}" onto public org.springframework.web.servlet.ModelAndView org.mintleaf.modules.core.controller.CaptchaController.login()
2018-12-22 17:44:03.825 [restartedMain] INFO  o.s.w.s.m.m.a.RequestMappingHandlerMapping - Mapped "{[/coreButton/all.json],methods=[POST]}" onto public org.mintleaf.vo.ResultMsg org.mintleaf.modules.core.controller.CoreButtonController.all()
2018-12-22 17:44:03.826 [restartedMain] INFO  o.s.w.s.m.m.a.RequestMappingHandlerMapping - Mapped "{[/coreButton/index.html],methods=[GET]}" onto public org.springframework.web.servlet.ModelAndView org.mintleaf.modules.core.controller.CoreButtonController.index()
2018-12-22 17:44:03.827 [restartedMain] INFO  o.s.w.s.m.m.a.RequestMappingHandlerMapping - Mapped "{[/coreButton/add.do],methods=[POST]}" onto public org.mintleaf.vo.ResultMsg org.mintleaf.modules.core.controller.CoreButtonController.add(org.mintleaf.modules.core.entity.CoreButton)
2018-12-22 17:44:03.827 [restartedMain] INFO  o.s.w.s.m.m.a.RequestMappingHandlerMapping - Mapped "{[/coreButton/add.html],methods=[GET]}" onto public org.springframework.web.servlet.ModelAndView org.mintleaf.modules.core.controller.CoreButtonController.add()
2018-12-22 17:44:03.827 [restartedMain] INFO  o.s.w.s.m.m.a.RequestMappingHandlerMapping - Mapped "{[/coreButton/edit.do],methods=[POST]}" onto public org.mintleaf.vo.ResultMsg org.mintleaf.modules.core.controller.CoreButtonController.update(org.mintleaf.modules.core.entity.CoreButton)
2018-12-22 17:44:03.827 [restartedMain] INFO  o.s.w.s.m.m.a.RequestMappingHandlerMapping - Mapped "{[/coreButton/delete.do],methods=[POST]}" onto public org.mintleaf.vo.ResultMsg org.mintleaf.modules.core.controller.CoreButtonController.delete(org.mintleaf.modules.core.entity.CoreButton)
2018-12-22 17:44:03.828 [restartedMain] INFO  o.s.w.s.m.m.a.RequestMappingHandlerMapping - Mapped "{[/coreButton/page.json],methods=[POST]}" onto public org.mintleaf.vo.ResultMsg org.mintleaf.modules.core.controller.CoreButtonController.page(org.mintleaf.modules.core.entity.CoreButton,java.lang.Long,java.lang.Long)
2018-12-22 17:44:03.828 [restartedMain] INFO  o.s.w.s.m.m.a.RequestMappingHandlerMapping - Mapped "{[/coreButton/deleteBatch.do],methods=[POST]}" onto public org.mintleaf.vo.ResultMsg org.mintleaf.modules.core.controller.CoreButtonController.deleteBatch(java.lang.String)
2018-12-22 17:44:03.828 [restartedMain] INFO  o.s.w.s.m.m.a.RequestMappingHandlerMapping - Mapped "{[/coreButton/findById.json],methods=[POST]}" onto public org.mintleaf.vo.ResultMsg org.mintleaf.modules.core.controller.CoreButtonController.updateCoreMenu(org.mintleaf.modules.core.entity.CoreButton) throws java.lang.Exception
2018-12-22 17:44:03.829 [restartedMain] INFO  o.s.w.s.m.m.a.RequestMappingHandlerMapping - Mapped "{[/coreButton/edit.html],methods=[GET]}" onto public org.springframework.web.servlet.ModelAndView org.mintleaf.modules.core.controller.CoreButtonController.edit()
2018-12-22 17:44:03.831 [restartedMain] INFO  o.s.w.s.m.m.a.RequestMappingHandlerMapping - Mapped "{[/coreLogger/all.json],methods=[POST]}" onto public org.mintleaf.vo.ResultMsg org.mintleaf.modules.core.controller.CoreLoggerController.all()
2018-12-22 17:44:03.831 [restartedMain] INFO  o.s.w.s.m.m.a.RequestMappingHandlerMapping - Mapped "{[/coreLogger/index.html],methods=[GET]}" onto public org.springframework.web.servlet.ModelAndView org.mintleaf.modules.core.controller.CoreLoggerController.index()
2018-12-22 17:44:03.831 [restartedMain] INFO  o.s.w.s.m.m.a.RequestMappingHandlerMapping - Mapped "{[/coreLogger/add.do],methods=[POST]}" onto public org.mintleaf.vo.ResultMsg org.mintleaf.modules.core.controller.CoreLoggerController.add(org.mintleaf.modules.core.entity.CoreLogger)
2018-12-22 17:44:03.832 [restartedMain] INFO  o.s.w.s.m.m.a.RequestMappingHandlerMapping - Mapped "{[/coreLogger/add.html],methods=[GET]}" onto public org.springframework.web.servlet.ModelAndView org.mintleaf.modules.core.controller.CoreLoggerController.add()
2018-12-22 17:44:03.832 [restartedMain] INFO  o.s.w.s.m.m.a.RequestMappingHandlerMapping - Mapped "{[/coreLogger/edit.do],methods=[POST]}" onto public org.mintleaf.vo.ResultMsg org.mintleaf.modules.core.controller.CoreLoggerController.update(org.mintleaf.modules.core.entity.CoreLogger)
2018-12-22 17:44:03.833 [restartedMain] INFO  o.s.w.s.m.m.a.RequestMappingHandlerMapping - Mapped "{[/coreLogger/delete.do],methods=[POST]}" onto public org.mintleaf.vo.ResultMsg org.mintleaf.modules.core.controller.CoreLoggerController.delete(org.mintleaf.modules.core.entity.CoreLogger)
2018-12-22 17:44:03.833 [restartedMain] INFO  o.s.w.s.m.m.a.RequestMappingHandlerMapping - Mapped "{[/coreLogger/page.json],methods=[POST]}" onto public org.mintleaf.vo.ResultMsg org.mintleaf.modules.core.controller.CoreLoggerController.page(org.mintleaf.modules.core.entity.CoreLogger,java.lang.Long,java.lang.Long)
2018-12-22 17:44:03.833 [restartedMain] INFO  o.s.w.s.m.m.a.RequestMappingHandlerMapping - Mapped "{[/coreLogger/deleteBatch.do],methods=[POST]}" onto public org.mintleaf.vo.ResultMsg org.mintleaf.modules.core.controller.CoreLoggerController.deleteBatch(java.lang.String)
2018-12-22 17:44:03.833 [restartedMain] INFO  o.s.w.s.m.m.a.RequestMappingHandlerMapping - Mapped "{[/coreLogger/findById.json],methods=[POST]}" onto public org.mintleaf.vo.ResultMsg org.mintleaf.modules.core.controller.CoreLoggerController.updateCoreMenu(org.mintleaf.modules.core.entity.CoreLogger) throws java.lang.Exception
2018-12-22 17:44:03.833 [restartedMain] INFO  o.s.w.s.m.m.a.RequestMappingHandlerMapping - Mapped "{[/coreLogger/edit.html],methods=[GET]}" onto public org.springframework.web.servlet.ModelAndView org.mintleaf.modules.core.controller.CoreLoggerController.edit()
2018-12-22 17:44:03.835 [restartedMain] INFO  o.s.w.s.m.m.a.RequestMappingHandlerMapping - Mapped "{[/coreMenu/all.json],methods=[POST]}" onto public org.mintleaf.vo.ResultMsg org.mintleaf.modules.core.controller.CoreMenuController.all()
2018-12-22 17:44:03.836 [restartedMain] INFO  o.s.w.s.m.m.a.RequestMappingHandlerMapping - Mapped "{[/coreMenu/index.html],methods=[GET]}" onto public org.springframework.web.servlet.ModelAndView org.mintleaf.modules.core.controller.CoreMenuController.index()
2018-12-22 17:44:03.836 [restartedMain] INFO  o.s.w.s.m.m.a.RequestMappingHandlerMapping - Mapped "{[/coreMenu/add.do],methods=[POST]}" onto public org.mintleaf.vo.ResultMsg org.mintleaf.modules.core.controller.CoreMenuController.add(org.mintleaf.modules.core.entity.CoreMenu)
2018-12-22 17:44:03.836 [restartedMain] INFO  o.s.w.s.m.m.a.RequestMappingHandlerMapping - Mapped "{[/coreMenu/add.html],methods=[GET]}" onto public org.springframework.web.servlet.ModelAndView org.mintleaf.modules.core.controller.CoreMenuController.add()
2018-12-22 17:44:03.836 [restartedMain] INFO  o.s.w.s.m.m.a.RequestMappingHandlerMapping - Mapped "{[/coreMenu/edit.do],methods=[POST]}" onto public org.mintleaf.vo.ResultMsg org.mintleaf.modules.core.controller.CoreMenuController.update(org.mintleaf.modules.core.entity.CoreMenu)
2018-12-22 17:44:03.836 [restartedMain] INFO  o.s.w.s.m.m.a.RequestMappingHandlerMapping - Mapped "{[/coreMenu/delete.do],methods=[POST]}" onto public org.mintleaf.vo.ResultMsg org.mintleaf.modules.core.controller.CoreMenuController.delete(org.mintleaf.modules.core.entity.CoreMenu)
2018-12-22 17:44:03.836 [restartedMain] INFO  o.s.w.s.m.m.a.RequestMappingHandlerMapping - Mapped "{[/coreMenu/page.json],methods=[POST]}" onto public org.mintleaf.vo.ResultMsg org.mintleaf.modules.core.controller.CoreMenuController.page(org.mintleaf.modules.core.entity.CoreMenu,java.lang.Long,java.lang.Long)
2018-12-22 17:44:03.836 [restartedMain] INFO  o.s.w.s.m.m.a.RequestMappingHandlerMapping - Mapped "{[/coreMenu/deleteBatch.do],methods=[POST]}" onto public org.mintleaf.vo.ResultMsg org.mintleaf.modules.core.controller.CoreMenuController.deleteBatch(java.lang.String)
2018-12-22 17:44:03.836 [restartedMain] INFO  o.s.w.s.m.m.a.RequestMappingHandlerMapping - Mapped "{[/coreMenu/findById.json],methods=[POST]}" onto public org.mintleaf.vo.ResultMsg org.mintleaf.modules.core.controller.CoreMenuController.updateCoreMenu(org.mintleaf.modules.core.entity.CoreMenu) throws java.lang.Exception
2018-12-22 17:44:03.836 [restartedMain] INFO  o.s.w.s.m.m.a.RequestMappingHandlerMapping - Mapped "{[/coreMenu/edit.html],methods=[GET]}" onto public org.springframework.web.servlet.ModelAndView org.mintleaf.modules.core.controller.CoreMenuController.edit()
2018-12-22 17:44:03.839 [restartedMain] INFO  o.s.w.s.m.m.a.RequestMappingHandlerMapping - Mapped "{[/coreRole/all.json],methods=[POST]}" onto public org.mintleaf.vo.ResultMsg org.mintleaf.modules.core.controller.CoreRoleController.all()
2018-12-22 17:44:03.839 [restartedMain] INFO  o.s.w.s.m.m.a.RequestMappingHandlerMapping - Mapped "{[/coreRole/index.html],methods=[GET]}" onto public org.springframework.web.servlet.ModelAndView org.mintleaf.modules.core.controller.CoreRoleController.index()
2018-12-22 17:44:03.840 [restartedMain] INFO  o.s.w.s.m.m.a.RequestMappingHandlerMapping - Mapped "{[/coreRole/add.do],methods=[POST]}" onto public org.mintleaf.vo.ResultMsg org.mintleaf.modules.core.controller.CoreRoleController.add(org.mintleaf.modules.core.entity.CoreRole)
2018-12-22 17:44:03.841 [restartedMain] INFO  o.s.w.s.m.m.a.RequestMappingHandlerMapping - Mapped "{[/coreRole/add.html],methods=[GET]}" onto public org.springframework.web.servlet.ModelAndView org.mintleaf.modules.core.controller.CoreRoleController.add()
2018-12-22 17:44:03.841 [restartedMain] INFO  o.s.w.s.m.m.a.RequestMappingHandlerMapping - Mapped "{[/coreRole/edit.do],methods=[POST]}" onto public org.mintleaf.vo.ResultMsg org.mintleaf.modules.core.controller.CoreRoleController.update(org.mintleaf.modules.core.entity.CoreRole)
2018-12-22 17:44:03.841 [restartedMain] INFO  o.s.w.s.m.m.a.RequestMappingHandlerMapping - Mapped "{[/coreRole/delete.do],methods=[POST]}" onto public org.mintleaf.vo.ResultMsg org.mintleaf.modules.core.controller.CoreRoleController.delete(org.mintleaf.modules.core.entity.CoreRole)
2018-12-22 17:44:03.841 [restartedMain] INFO  o.s.w.s.m.m.a.RequestMappingHandlerMapping - Mapped "{[/coreRole/getPermission.json],methods=[POST]}" onto public org.mintleaf.vo.ResultMsg org.mintleaf.modules.core.controller.CoreRoleController.getPermission(java.lang.String)
2018-12-22 17:44:03.841 [restartedMain] INFO  o.s.w.s.m.m.a.RequestMappingHandlerMapping - Mapped "{[/coreRole/permission.html],methods=[GET]}" onto public org.springframework.web.servlet.ModelAndView org.mintleaf.modules.core.controller.CoreRoleController.permission()
2018-12-22 17:44:03.841 [restartedMain] INFO  o.s.w.s.m.m.a.RequestMappingHandlerMapping - Mapped "{[/coreRole/page.json],methods=[POST]}" onto public org.mintleaf.vo.ResultMsg org.mintleaf.modules.core.controller.CoreRoleController.page(org.mintleaf.modules.core.entity.CoreRole,java.lang.Long,java.lang.Long)
2018-12-22 17:44:03.842 [restartedMain] INFO  o.s.w.s.m.m.a.RequestMappingHandlerMapping - Mapped "{[/coreRole/deleteBatch.do],methods=[POST]}" onto public org.mintleaf.vo.ResultMsg org.mintleaf.modules.core.controller.CoreRoleController.deleteBatch(java.lang.String)
2018-12-22 17:44:03.842 [restartedMain] INFO  o.s.w.s.m.m.a.RequestMappingHandlerMapping - Mapped "{[/coreRole/addPermission.do],methods=[POST]}" onto public org.mintleaf.vo.ResultMsg org.mintleaf.modules.core.controller.CoreRoleController.addPermission(java.lang.String,java.lang.String)
2018-12-22 17:44:03.842 [restartedMain] INFO  o.s.w.s.m.m.a.RequestMappingHandlerMapping - Mapped "{[/coreRole/findById.json],methods=[POST]}" onto public org.mintleaf.vo.ResultMsg org.mintleaf.modules.core.controller.CoreRoleController.updateCoreMenu(org.mintleaf.modules.core.entity.CoreRole) throws java.lang.Exception
2018-12-22 17:44:03.842 [restartedMain] INFO  o.s.w.s.m.m.a.RequestMappingHandlerMapping - Mapped "{[/coreRole/edit.html],methods=[GET]}" onto public org.springframework.web.servlet.ModelAndView org.mintleaf.modules.core.controller.CoreRoleController.edit()
2018-12-22 17:44:03.843 [restartedMain] INFO  o.s.w.s.m.m.a.RequestMappingHandlerMapping - Mapped "{[/coreRole/getMenuTree.json],methods=[POST]}" onto public org.mintleaf.vo.ResultMsg org.mintleaf.modules.core.controller.CoreRoleController.getMenuTree()
2018-12-22 17:44:03.846 [restartedMain] INFO  o.s.w.s.m.m.a.RequestMappingHandlerMapping - Mapped "{[/coreUser/all.json],methods=[POST]}" onto public org.mintleaf.vo.ResultMsg org.mintleaf.modules.core.controller.CoreUserController.all()
2018-12-22 17:44:03.847 [restartedMain] INFO  o.s.w.s.m.m.a.RequestMappingHandlerMapping - Mapped "{[/coreUser/index.html],methods=[GET]}" onto public org.springframework.web.servlet.ModelAndView org.mintleaf.modules.core.controller.CoreUserController.index()
2018-12-22 17:44:03.848 [restartedMain] INFO  o.s.w.s.m.m.a.RequestMappingHandlerMapping - Mapped "{[/coreUser/add.do],methods=[POST]}" onto public org.mintleaf.vo.ResultMsg org.mintleaf.modules.core.controller.CoreUserController.add(org.mintleaf.modules.core.entity.CoreUser)
2018-12-22 17:44:03.848 [restartedMain] INFO  o.s.w.s.m.m.a.RequestMappingHandlerMapping - Mapped "{[/coreUser/add.html],methods=[GET]}" onto public org.springframework.web.servlet.ModelAndView org.mintleaf.modules.core.controller.CoreUserController.add()
2018-12-22 17:44:03.848 [restartedMain] INFO  o.s.w.s.m.m.a.RequestMappingHandlerMapping - Mapped "{[/coreUser/edit.do],methods=[POST]}" onto public org.mintleaf.vo.ResultMsg org.mintleaf.modules.core.controller.CoreUserController.update(org.mintleaf.modules.core.entity.CoreUser)
2018-12-22 17:44:03.848 [restartedMain] INFO  o.s.w.s.m.m.a.RequestMappingHandlerMapping - Mapped "{[/coreUser/delete.do],methods=[POST]}" onto public org.mintleaf.vo.ResultMsg org.mintleaf.modules.core.controller.CoreUserController.delete(org.mintleaf.modules.core.entity.CoreUser)
2018-12-22 17:44:03.849 [restartedMain] INFO  o.s.w.s.m.m.a.RequestMappingHandlerMapping - Mapped "{[/coreUser/page.json],methods=[POST]}" onto public org.mintleaf.vo.ResultMsg org.mintleaf.modules.core.controller.CoreUserController.page(org.mintleaf.modules.core.entity.CoreUser,java.lang.Long,java.lang.Long)
2018-12-22 17:44:03.849 [restartedMain] INFO  o.s.w.s.m.m.a.RequestMappingHandlerMapping - Mapped "{[/coreUser/deleteBatch.do],methods=[POST]}" onto public org.mintleaf.vo.ResultMsg org.mintleaf.modules.core.controller.CoreUserController.deleteBatch(java.lang.String)
2018-12-22 17:44:03.849 [restartedMain] INFO  o.s.w.s.m.m.a.RequestMappingHandlerMapping - Mapped "{[/coreUser/findById.json],methods=[POST]}" onto public org.mintleaf.vo.ResultMsg org.mintleaf.modules.core.controller.CoreUserController.updateCoreMenu(org.mintleaf.modules.core.entity.CoreUser) throws java.lang.Exception
2018-12-22 17:44:03.849 [restartedMain] INFO  o.s.w.s.m.m.a.RequestMappingHandlerMapping - Mapped "{[/coreUser/edit.html],methods=[GET]}" onto public org.springframework.web.servlet.ModelAndView org.mintleaf.modules.core.controller.CoreUserController.edit()
2018-12-22 17:44:03.849 [restartedMain] INFO  o.s.w.s.m.m.a.RequestMappingHandlerMapping - Mapped "{[/coreUser/updatePwd.html],methods=[GET]}" onto public org.springframework.web.servlet.ModelAndView org.mintleaf.modules.core.controller.CoreUserController.updatePwd()
2018-12-22 17:44:03.850 [restartedMain] INFO  o.s.w.s.m.m.a.RequestMappingHandlerMapping - Mapped "{[/coreUser/updatePwd.do],methods=[POST],params=[oldPwd && newPwd && confirm]}" onto public org.mintleaf.vo.ResultMsg org.mintleaf.modules.core.controller.CoreUserController.updatePwd(java.lang.String,java.lang.String,java.lang.String)
2018-12-22 17:44:03.851 [restartedMain] INFO  o.s.w.s.m.m.a.RequestMappingHandlerMapping - Mapped "{[/gen/index.html],methods=[GET]}" onto public org.springframework.web.servlet.ModelAndView org.mintleaf.modules.core.controller.GenController.index()
2018-12-22 17:44:03.852 [restartedMain] INFO  o.s.w.s.m.m.a.RequestMappingHandlerMapping - Mapped "{[/gen/gen.do],methods=[POST]}" onto public org.mintleaf.vo.ResultMsg org.mintleaf.modules.core.controller.GenController.genDo(org.mintleaf.modules.core.controller.dto.GenDto)
2018-12-22 17:44:03.852 [restartedMain] INFO  o.s.w.s.m.m.a.RequestMappingHandlerMapping - Mapped "{[/img/index.html],methods=[GET]}" onto public org.springframework.web.servlet.ModelAndView org.mintleaf.modules.core.controller.ImgController.index()
2018-12-22 17:44:03.854 [restartedMain] INFO  o.s.w.s.m.m.a.RequestMappingHandlerMapping - Mapped "{[/index.html],methods=[GET]}" onto public org.springframework.web.servlet.ModelAndView org.mintleaf.modules.core.controller.IndexController.index()
2018-12-22 17:44:03.855 [restartedMain] INFO  o.s.w.s.m.m.a.RequestMappingHandlerMapping - Mapped "{[/home.html],methods=[GET]}" onto public org.springframework.web.servlet.ModelAndView org.mintleaf.modules.core.controller.IndexController.home()
2018-12-22 17:44:03.855 [restartedMain] INFO  o.s.w.s.m.m.a.RequestMappingHandlerMapping - Mapped "{[/login.html],methods=[GET]}" onto public org.springframework.web.servlet.ModelAndView org.mintleaf.modules.core.controller.IndexController.login()
2018-12-22 17:44:03.855 [restartedMain] INFO  o.s.w.s.m.m.a.RequestMappingHandlerMapping - Mapped "{[/403.html],methods=[GET]}" onto public org.springframework.web.servlet.ModelAndView org.mintleaf.modules.core.controller.IndexController.error403()
2018-12-22 17:44:03.855 [restartedMain] INFO  o.s.w.s.m.m.a.RequestMappingHandlerMapping - Mapped "{[/loginOut.do],methods=[GET || POST]}" onto public org.springframework.web.servlet.ModelAndView org.mintleaf.modules.core.controller.IndexController.loginOut()
2018-12-22 17:44:03.855 [restartedMain] INFO  o.s.w.s.m.m.a.RequestMappingHandlerMapping - Mapped "{[/404.html],methods=[GET]}" onto public org.springframework.web.servlet.ModelAndView org.mintleaf.modules.core.controller.IndexController.error404()
2018-12-22 17:44:03.855 [restartedMain] INFO  o.s.w.s.m.m.a.RequestMappingHandlerMapping - Mapped "{[/login.do],methods=[POST]}" onto public org.mintleaf.vo.ResultMsg org.mintleaf.modules.core.controller.IndexController.loginDo(javax.servlet.http.HttpServletRequest)
2018-12-22 17:44:03.855 [restartedMain] INFO  o.s.w.s.m.m.a.RequestMappingHandlerMapping - Mapped "{[/treeselect.html],methods=[GET]}" onto public org.springframework.web.servlet.ModelAndView org.mintleaf.modules.core.controller.IndexController.treeselect()
2018-12-22 17:44:03.856 [restartedMain] INFO  o.s.w.s.m.m.a.RequestMappingHandlerMapping - Mapped "{[/treegrid.html],methods=[GET]}" onto public org.springframework.web.servlet.ModelAndView org.mintleaf.modules.core.controller.IndexController.treegrid()
2018-12-22 17:44:03.857 [restartedMain] INFO  o.s.w.s.m.m.a.RequestMappingHandlerMapping - Mapped "{[/getMenus.json],methods=[POST]}" onto public org.mintleaf.vo.ResultMsg org.mintleaf.modules.core.controller.IndexController.getMenus()
2018-12-22 17:44:03.857 [restartedMain] INFO  o.s.w.s.m.m.a.RequestMappingHandlerMapping - Mapped "{[/redis/setGet.json],methods=[GET]}" onto public java.lang.String org.mintleaf.modules.core.controller.RedisStringController.setGet(java.lang.String) throws java.lang.Exception
2018-12-22 17:44:03.858 [restartedMain] INFO  o.s.w.s.m.m.a.RequestMappingHandlerMapping - Mapped "{[/selldetails/index.html],methods=[GET]}" onto public org.springframework.web.servlet.ModelAndView org.mintleaf.modules.core.controller.SellDetailsController.index()
2018-12-22 17:44:03.858 [restartedMain] INFO  o.s.w.s.m.m.a.RequestMappingHandlerMapping - Mapped "{[/selldetails/delete.do],methods=[POST]}" onto public org.mintleaf.vo.ResultMsg org.mintleaf.modules.core.controller.SellDetailsController.delete(org.mintleaf.modules.core.entity.SellDetails)
2018-12-22 17:44:03.859 [restartedMain] INFO  o.s.w.s.m.m.a.RequestMappingHandlerMapping - Mapped "{[/selldetails/pageForDay.json],methods=[POST]}" onto public org.mintleaf.vo.ResultMsg org.mintleaf.modules.core.controller.SellDetailsController.page(org.mintleaf.modules.core.entity.VwSellDetailsForDay,java.lang.Long,java.lang.Long)
2018-12-22 17:44:03.859 [restartedMain] INFO  o.s.w.s.m.m.a.RequestMappingHandlerMapping - Mapped "{[/selldetails/page.json],methods=[POST]}" onto public org.mintleaf.vo.ResultMsg org.mintleaf.modules.core.controller.SellDetailsController.page(org.mintleaf.modules.core.entity.SellDetails,java.lang.Long,java.lang.Long)
2018-12-22 17:44:03.859 [restartedMain] INFO  o.s.w.s.m.m.a.RequestMappingHandlerMapping - Mapped "{[/selldetails/indexForDay.html],methods=[GET]}" onto public org.springframework.web.servlet.ModelAndView org.mintleaf.modules.core.controller.SellDetailsController.indexForDay()
2018-12-22 17:44:03.859 [restartedMain] INFO  o.s.w.s.m.m.a.RequestMappingHandlerMapping - Mapped "{[/selldetails/uploads.html],methods=[GET]}" onto public org.springframework.web.servlet.ModelAndView org.mintleaf.modules.core.controller.SellDetailsController.uploads()
2018-12-22 17:44:03.859 [restartedMain] INFO  o.s.w.s.m.m.a.RequestMappingHandlerMapping - Mapped "{[/selldetails/upload.do],methods=[POST]}" onto public org.mintleaf.vo.ResultMsg org.mintleaf.modules.core.controller.SellDetailsController.uploads(javax.servlet.http.HttpServletRequest,org.springframework.web.multipart.MultipartFile[])
2018-12-22 17:44:03.861 [restartedMain] INFO  o.s.w.s.m.m.a.RequestMappingHandlerMapping - Mapped "{[/shopInfo/index.html],methods=[GET]}" onto public org.springframework.web.servlet.ModelAndView org.mintleaf.modules.core.controller.ShopInfoController.index()
2018-12-22 17:44:03.862 [restartedMain] INFO  o.s.w.s.m.m.a.RequestMappingHandlerMapping - Mapped "{[/shopInfo/add.do],methods=[POST]}" onto public org.mintleaf.vo.ResultMsg org.mintleaf.modules.core.controller.ShopInfoController.add(org.mintleaf.modules.core.entity.ShopInfo)
2018-12-22 17:44:03.862 [restartedMain] INFO  o.s.w.s.m.m.a.RequestMappingHandlerMapping - Mapped "{[/shopInfo/add.html],methods=[GET]}" onto public org.springframework.web.servlet.ModelAndView org.mintleaf.modules.core.controller.ShopInfoController.add()
2018-12-22 17:44:03.862 [restartedMain] INFO  o.s.w.s.m.m.a.RequestMappingHandlerMapping - Mapped "{[/shopInfo/edit.do],methods=[POST]}" onto public org.mintleaf.vo.ResultMsg org.mintleaf.modules.core.controller.ShopInfoController.update(org.mintleaf.modules.core.entity.ShopInfo)
2018-12-22 17:44:03.863 [restartedMain] INFO  o.s.w.s.m.m.a.RequestMappingHandlerMapping - Mapped "{[/shopInfo/page.json],methods=[POST]}" onto public org.mintleaf.vo.ResultMsg org.mintleaf.modules.core.controller.ShopInfoController.page(org.mintleaf.modules.core.entity.ShopInfo,java.lang.Long,java.lang.Long)
2018-12-22 17:44:03.863 [restartedMain] INFO  o.s.w.s.m.m.a.RequestMappingHandlerMapping - Mapped "{[/shopInfo/findById.json],methods=[POST]}" onto public org.mintleaf.vo.ResultMsg org.mintleaf.modules.core.controller.ShopInfoController.updateCoreMenu(org.mintleaf.modules.core.entity.ShopInfo) throws java.lang.Exception
2018-12-22 17:44:03.863 [restartedMain] INFO  o.s.w.s.m.m.a.RequestMappingHandlerMapping - Mapped "{[/shopInfo/edit.html],methods=[GET]}" onto public org.springframework.web.servlet.ModelAndView org.mintleaf.modules.core.controller.ShopInfoController.edit()
2018-12-22 17:44:03.864 [restartedMain] INFO  o.s.w.s.m.m.a.RequestMappingHandlerMapping - Mapped "{[/upload/index.html],methods=[GET]}" onto public org.springframework.web.servlet.ModelAndView org.mintleaf.modules.core.controller.UploadController.home()
2018-12-22 17:44:03.865 [restartedMain] INFO  o.s.w.s.m.m.a.RequestMappingHandlerMapping - Mapped "{[/upload/upload.do],methods=[POST]}" onto public org.mintleaf.vo.ResultMsg org.mintleaf.modules.core.controller.UploadController.upload(javax.servlet.http.HttpServletRequest,org.springframework.web.multipart.MultipartFile)
2018-12-22 17:44:03.865 [restartedMain] INFO  o.s.w.s.m.m.a.RequestMappingHandlerMapping - Mapped "{[/upload/uploads.do],methods=[POST]}" onto public java.lang.String org.mintleaf.modules.core.controller.UploadController.uploads(javax.servlet.http.HttpServletRequest,org.springframework.web.multipart.MultipartFile[])
2018-12-22 17:44:03.865 [restartedMain] INFO  o.s.w.s.m.m.a.RequestMappingHandlerMapping - Mapped "{[/warehouseIn/index.html],methods=[GET]}" onto public org.springframework.web.servlet.ModelAndView org.mintleaf.modules.core.controller.WarehouseInController.index()
2018-12-22 17:44:03.866 [restartedMain] INFO  o.s.w.s.m.m.a.RequestMappingHandlerMapping - Mapped "{[/warehouseIn/add.do],methods=[POST]}" onto public org.mintleaf.vo.ResultMsg org.mintleaf.modules.core.controller.WarehouseInController.add(org.mintleaf.modules.core.entity.WarehouseInfo)
2018-12-22 17:44:03.866 [restartedMain] INFO  o.s.w.s.m.m.a.RequestMappingHandlerMapping - Mapped "{[/warehouseIn/add.html],methods=[GET]}" onto public org.springframework.web.servlet.ModelAndView org.mintleaf.modules.core.controller.WarehouseInController.add()
2018-12-22 17:44:03.866 [restartedMain] INFO  o.s.w.s.m.m.a.RequestMappingHandlerMapping - Mapped "{[/warehouseIn/page.json],methods=[POST]}" onto public org.mintleaf.vo.ResultMsg org.mintleaf.modules.core.controller.WarehouseInController.page(org.mintleaf.modules.core.entity.WarehouseInfo,java.lang.Long,java.lang.Long)
2018-12-22 17:44:03.867 [restartedMain] INFO  o.s.w.s.m.m.a.RequestMappingHandlerMapping - Mapped "{[/warehouseIn/deleteBatch.do],methods=[POST]}" onto public org.mintleaf.vo.ResultMsg org.mintleaf.modules.core.controller.WarehouseInController.deleteBatch(java.lang.String)
2018-12-22 17:44:03.867 [restartedMain] INFO  o.s.w.s.m.m.a.RequestMappingHandlerMapping - Mapped "{[/warehouse/index.html],methods=[GET]}" onto public org.springframework.web.servlet.ModelAndView org.mintleaf.modules.core.controller.WarehouseInfoController.index()
2018-12-22 17:44:03.867 [restartedMain] INFO  o.s.w.s.m.m.a.RequestMappingHandlerMapping - Mapped "{[/warehouse/page.json],methods=[POST]}" onto public org.mintleaf.vo.ResultMsg org.mintleaf.modules.core.controller.WarehouseInfoController.page(org.mintleaf.modules.core.entity.WarehouseInfo,java.lang.Long,java.lang.Long)
2018-12-22 17:44:03.868 [restartedMain] INFO  o.s.w.s.m.m.a.RequestMappingHandlerMapping - Mapped "{[/warehouse/findById.json],methods=[POST]}" onto public org.mintleaf.vo.ResultMsg org.mintleaf.modules.core.controller.WarehouseInfoController.loadWarehouse(org.mintleaf.modules.core.entity.WarehouseInfo) throws java.lang.Exception
2018-12-22 17:44:03.869 [restartedMain] INFO  o.s.w.s.m.m.a.RequestMappingHandlerMapping - Mapped "{[/warehouseOut/index.html],methods=[GET]}" onto public org.springframework.web.servlet.ModelAndView org.mintleaf.modules.core.controller.WarehouseOutController.index()
2018-12-22 17:44:03.869 [restartedMain] INFO  o.s.w.s.m.m.a.RequestMappingHandlerMapping - Mapped "{[/warehouseOut/edit.html],methods=[GET]}" onto public org.springframework.web.servlet.ModelAndView org.mintleaf.modules.core.controller.WarehouseOutController.add()
2018-12-22 17:44:03.869 [restartedMain] INFO  o.s.w.s.m.m.a.RequestMappingHandlerMapping - Mapped "{[/warehouseOut/edit.do],methods=[POST]}" onto public org.mintleaf.vo.ResultMsg org.mintleaf.modules.core.controller.WarehouseOutController.out(org.mintleaf.modules.core.entity.WarehouseWater)
2018-12-22 17:44:03.869 [restartedMain] INFO  o.s.w.s.m.m.a.RequestMappingHandlerMapping - Mapped "{[/warehouseOut/page.json],methods=[POST]}" onto public org.mintleaf.vo.ResultMsg org.mintleaf.modules.core.controller.WarehouseOutController.page(org.mintleaf.modules.core.entity.WarehouseInfo,java.lang.Long,java.lang.Long)
2018-12-22 17:44:03.870 [restartedMain] INFO  o.s.w.s.m.m.a.RequestMappingHandlerMapping - Mapped "{[/warehouseOut/deleteBatch.do],methods=[POST]}" onto public org.mintleaf.vo.ResultMsg org.mintleaf.modules.core.controller.WarehouseOutController.deleteBatch(java.lang.String)
2018-12-22 17:44:03.877 [restartedMain] INFO  o.s.w.s.m.m.a.RequestMappingHandlerMapping - Mapped "{[/swagger-resources/configuration/ui]}" onto public org.springframework.http.ResponseEntity<springfox.documentation.swagger.web.UiConfiguration> springfox.documentation.swagger.web.ApiResourceController.uiConfiguration()
2018-12-22 17:44:03.879 [restartedMain] INFO  o.s.w.s.m.m.a.RequestMappingHandlerMapping - Mapped "{[/swagger-resources]}" onto public org.springframework.http.ResponseEntity<java.util.List<springfox.documentation.swagger.web.SwaggerResource>> springfox.documentation.swagger.web.ApiResourceController.swaggerResources()
2018-12-22 17:44:03.881 [restartedMain] INFO  o.s.w.s.m.m.a.RequestMappingHandlerMapping - Mapped "{[/swagger-resources/configuration/security]}" onto public org.springframework.http.ResponseEntity<springfox.documentation.swagger.web.SecurityConfiguration> springfox.documentation.swagger.web.ApiResourceController.securityConfiguration()
2018-12-22 17:44:03.887 [restartedMain] INFO  o.s.w.s.m.m.a.RequestMappingHandlerMapping - Mapped "{[/error]}" onto public org.springframework.http.ResponseEntity<java.util.Map<java.lang.String, java.lang.Object>> org.springframework.boot.autoconfigure.web.servlet.error.BasicErrorController.error(javax.servlet.http.HttpServletRequest)
2018-12-22 17:44:03.888 [restartedMain] INFO  o.s.w.s.m.m.a.RequestMappingHandlerMapping - Mapped "{[/error],produces=[text/html]}" onto public org.springframework.web.servlet.ModelAndView org.springframework.boot.autoconfigure.web.servlet.error.BasicErrorController.errorHtml(javax.servlet.http.HttpServletRequest,javax.servlet.http.HttpServletResponse)
2018-12-22 17:44:04.231 [restartedMain] INFO  s.d.s.w.PropertySourcedRequestMappingHandlerMapping - Mapped URL path [/v2/api-docs] onto method [public org.springframework.http.ResponseEntity<springfox.documentation.spring.web.json.Json> springfox.documentation.swagger2.web.Swagger2Controller.getDocumentation(java.lang.String,javax.servlet.http.HttpServletRequest)]
2018-12-22 17:44:04.393 [restartedMain] INFO  o.s.web.servlet.handler.SimpleUrlHandlerMapping - Mapped URL path [/**/favicon.ico] onto handler of type [class org.springframework.web.servlet.resource.ResourceHttpRequestHandler]
2018-12-22 17:44:04.840 [restartedMain] INFO  o.s.w.s.m.m.a.RequestMappingHandlerAdapter - Looking for @ControllerAdvice: org.springframework.boot.web.servlet.context.AnnotationConfigServletWebServerApplicationContext@51a21445: startup date [Sat Dec 22 17:43:56 GMT+08:00 2018]; root of context hierarchy
2018-12-22 17:44:04.945 [restartedMain] INFO  o.s.web.servlet.handler.SimpleUrlHandlerMapping - Mapped URL path [/webjars/**] onto handler of type [class org.springframework.web.servlet.resource.ResourceHttpRequestHandler]
2018-12-22 17:44:04.946 [restartedMain] INFO  o.s.web.servlet.handler.SimpleUrlHandlerMapping - Mapped URL path [/**] onto handler of type [class org.springframework.web.servlet.resource.ResourceHttpRequestHandler]
2018-12-22 17:44:06.019 [restartedMain] INFO  o.s.b.d.autoconfigure.OptionalLiveReloadServer - LiveReload server is running on port 35729
2018-12-22 17:44:06.085 [restartedMain] INFO  o.s.jmx.export.annotation.AnnotationMBeanExporter - Registering beans for JMX exposure on startup
2018-12-22 17:44:06.087 [restartedMain] INFO  o.s.jmx.export.annotation.AnnotationMBeanExporter - Bean with name 'core' has been autodetected for JMX exposure
2018-12-22 17:44:06.094 [restartedMain] INFO  o.s.jmx.export.annotation.AnnotationMBeanExporter - Located MBean 'core': registering with JMX server as MBean [com.alibaba.druid.pool:name=core,type=DruidDataSource]
2018-12-22 17:44:06.101 [restartedMain] INFO  o.s.context.support.DefaultLifecycleProcessor - Starting beans in phase 2147483647
2018-12-22 17:44:06.101 [restartedMain] INFO  s.d.s.web.plugins.DocumentationPluginsBootstrapper - Context refreshed
2018-12-22 17:44:06.145 [restartedMain] INFO  s.d.s.web.plugins.DocumentationPluginsBootstrapper - Found 1 custom documentation plugin(s)
2018-12-22 17:44:06.218 [restartedMain] INFO  s.d.spring.web.scanners.ApiListingReferenceScanner - Scanning for api listing references
2018-12-22 17:44:06.585 [restartedMain] INFO  s.d.s.w.r.operation.CachingOperationNameGenerator - Generating unique operation named: addUsingPOST_1
2018-12-22 17:44:06.588 [restartedMain] INFO  s.d.s.w.r.operation.CachingOperationNameGenerator - Generating unique operation named: addUsingGET_1
2018-12-22 17:44:06.592 [restartedMain] INFO  s.d.s.w.r.operation.CachingOperationNameGenerator - Generating unique operation named: allUsingPOST_1
2018-12-22 17:44:06.597 [restartedMain] INFO  s.d.s.w.r.operation.CachingOperationNameGenerator - Generating unique operation named: deleteUsingPOST_1
2018-12-22 17:44:06.602 [restartedMain] INFO  s.d.s.w.r.operation.CachingOperationNameGenerator - Generating unique operation named: deleteBatchUsingPOST_1
2018-12-22 17:44:06.605 [restartedMain] INFO  s.d.s.w.r.operation.CachingOperationNameGenerator - Generating unique operation named: editUsingGET_1
2018-12-22 17:44:06.609 [restartedMain] INFO  s.d.s.w.r.operation.CachingOperationNameGenerator - Generating unique operation named: indexUsingGET_1
2018-12-22 17:44:06.618 [restartedMain] INFO  s.d.s.w.r.operation.CachingOperationNameGenerator - Generating unique operation named: pageUsingPOST_1
2018-12-22 17:44:06.625 [restartedMain] INFO  s.d.s.w.r.operation.CachingOperationNameGenerator - Generating unique operation named: updateUsingPOST_1
2018-12-22 17:44:06.632 [restartedMain] INFO  s.d.s.w.r.operation.CachingOperationNameGenerator - Generating unique operation named: updateCoreMenuUsingPOST_1
2018-12-22 17:44:06.646 [restartedMain] INFO  s.d.s.w.r.operation.CachingOperationNameGenerator - Generating unique operation named: addUsingPOST_2
2018-12-22 17:44:06.650 [restartedMain] INFO  s.d.s.w.r.operation.CachingOperationNameGenerator - Generating unique operation named: addUsingGET_2
2018-12-22 17:44:06.654 [restartedMain] INFO  s.d.s.w.r.operation.CachingOperationNameGenerator - Generating unique operation named: allUsingPOST_2
2018-12-22 17:44:06.662 [restartedMain] INFO  s.d.s.w.r.operation.CachingOperationNameGenerator - Generating unique operation named: deleteUsingPOST_2
2018-12-22 17:44:06.669 [restartedMain] INFO  s.d.s.w.r.operation.CachingOperationNameGenerator - Generating unique operation named: deleteBatchUsingPOST_2
2018-12-22 17:44:06.673 [restartedMain] INFO  s.d.s.w.r.operation.CachingOperationNameGenerator - Generating unique operation named: editUsingGET_2
2018-12-22 17:44:06.677 [restartedMain] INFO  s.d.s.w.r.operation.CachingOperationNameGenerator - Generating unique operation named: indexUsingGET_2
2018-12-22 17:44:06.685 [restartedMain] INFO  s.d.s.w.r.operation.CachingOperationNameGenerator - Generating unique operation named: pageUsingPOST_2
2018-12-22 17:44:06.693 [restartedMain] INFO  s.d.s.w.r.operation.CachingOperationNameGenerator - Generating unique operation named: updateUsingPOST_2
2018-12-22 17:44:06.700 [restartedMain] INFO  s.d.s.w.r.operation.CachingOperationNameGenerator - Generating unique operation named: updateCoreMenuUsingPOST_2
2018-12-22 17:44:06.713 [restartedMain] INFO  s.d.s.w.r.operation.CachingOperationNameGenerator - Generating unique operation named: addUsingPOST_3
2018-12-22 17:44:06.716 [restartedMain] INFO  s.d.s.w.r.operation.CachingOperationNameGenerator - Generating unique operation named: addUsingGET_3
2018-12-22 17:44:06.726 [restartedMain] INFO  s.d.s.w.r.operation.CachingOperationNameGenerator - Generating unique operation named: allUsingPOST_3
2018-12-22 17:44:06.734 [restartedMain] INFO  s.d.s.w.r.operation.CachingOperationNameGenerator - Generating unique operation named: deleteUsingPOST_3
2018-12-22 17:44:06.741 [restartedMain] INFO  s.d.s.w.r.operation.CachingOperationNameGenerator - Generating unique operation named: deleteBatchUsingPOST_3
2018-12-22 17:44:06.746 [restartedMain] INFO  s.d.s.w.r.operation.CachingOperationNameGenerator - Generating unique operation named: editUsingGET_3
2018-12-22 17:44:06.762 [restartedMain] INFO  s.d.s.w.r.operation.CachingOperationNameGenerator - Generating unique operation named: indexUsingGET_3
2018-12-22 17:44:06.770 [restartedMain] INFO  s.d.s.w.r.operation.CachingOperationNameGenerator - Generating unique operation named: pageUsingPOST_3
2018-12-22 17:44:06.782 [restartedMain] INFO  s.d.s.w.r.operation.CachingOperationNameGenerator - Generating unique operation named: updateUsingPOST_3
2018-12-22 17:44:06.791 [restartedMain] INFO  s.d.s.w.r.operation.CachingOperationNameGenerator - Generating unique operation named: updateCoreMenuUsingPOST_3
2018-12-22 17:44:06.811 [restartedMain] INFO  s.d.s.w.r.operation.CachingOperationNameGenerator - Generating unique operation named: addUsingPOST_4
2018-12-22 17:44:06.816 [restartedMain] INFO  s.d.s.w.r.operation.CachingOperationNameGenerator - Generating unique operation named: addUsingGET_4
2018-12-22 17:44:06.821 [restartedMain] INFO  s.d.s.w.r.operation.CachingOperationNameGenerator - Generating unique operation named: allUsingPOST_4
2018-12-22 17:44:06.829 [restartedMain] INFO  s.d.s.w.r.operation.CachingOperationNameGenerator - Generating unique operation named: deleteUsingPOST_4
2018-12-22 17:44:06.838 [restartedMain] INFO  s.d.s.w.r.operation.CachingOperationNameGenerator - Generating unique operation named: deleteBatchUsingPOST_4
2018-12-22 17:44:06.844 [restartedMain] INFO  s.d.s.w.r.operation.CachingOperationNameGenerator - Generating unique operation named: editUsingGET_4
2018-12-22 17:44:06.848 [restartedMain] INFO  s.d.s.w.r.operation.CachingOperationNameGenerator - Generating unique operation named: indexUsingGET_4
2018-12-22 17:44:06.856 [restartedMain] INFO  s.d.s.w.r.operation.CachingOperationNameGenerator - Generating unique operation named: pageUsingPOST_4
2018-12-22 17:44:06.863 [restartedMain] INFO  s.d.s.w.r.operation.CachingOperationNameGenerator - Generating unique operation named: updateUsingPOST_4
2018-12-22 17:44:06.871 [restartedMain] INFO  s.d.s.w.r.operation.CachingOperationNameGenerator - Generating unique operation named: updateCoreMenuUsingPOST_4
2018-12-22 17:44:06.899 [restartedMain] INFO  s.d.s.w.r.operation.CachingOperationNameGenerator - Generating unique operation named: indexUsingGET_5
2018-12-22 17:44:06.902 [restartedMain] INFO  s.d.s.w.r.operation.CachingOperationNameGenerator - Generating unique operation named: indexUsingGET_6
2018-12-22 17:44:06.914 [restartedMain] INFO  s.d.s.w.r.operation.CachingOperationNameGenerator - Generating unique operation named: indexUsingGET_7
2018-12-22 17:44:06.916 [restartedMain] INFO  s.d.s.w.r.operation.CachingOperationNameGenerator - Generating unique operation named: loginUsingGET_1
2018-12-22 17:44:06.944 [restartedMain] INFO  s.d.s.w.r.operation.CachingOperationNameGenerator - Generating unique operation named: deleteUsingPOST_5
2018-12-22 17:44:06.946 [restartedMain] INFO  s.d.s.w.r.operation.CachingOperationNameGenerator - Generating unique operation named: indexUsingGET_8
2018-12-22 17:44:06.952 [restartedMain] INFO  s.d.s.w.r.operation.CachingOperationNameGenerator - Generating unique operation named: pageUsingPOST_5
2018-12-22 17:44:06.961 [restartedMain] INFO  s.d.s.w.r.operation.CachingOperationNameGenerator - Generating unique operation named: pageUsingPOST_6
2018-12-22 17:44:06.965 [restartedMain] WARN  s.d.s.w.readers.parameter.ParameterDataTypeReader - Trying to infer dataType org.springframework.web.multipart.MultipartFile[]
2018-12-22 17:44:06.975 [restartedMain] INFO  s.d.s.w.r.operation.CachingOperationNameGenerator - Generating unique operation named: addUsingPOST_5
2018-12-22 17:44:06.977 [restartedMain] INFO  s.d.s.w.r.operation.CachingOperationNameGenerator - Generating unique operation named: addUsingGET_5
2018-12-22 17:44:06.979 [restartedMain] INFO  s.d.s.w.r.operation.CachingOperationNameGenerator - Generating unique operation named: editUsingGET_5
2018-12-22 17:44:06.981 [restartedMain] INFO  s.d.s.w.r.operation.CachingOperationNameGenerator - Generating unique operation named: indexUsingGET_9
2018-12-22 17:44:06.985 [restartedMain] INFO  s.d.s.w.r.operation.CachingOperationNameGenerator - Generating unique operation named: pageUsingPOST_7
2018-12-22 17:44:06.989 [restartedMain] INFO  s.d.s.w.r.operation.CachingOperationNameGenerator - Generating unique operation named: updateUsingPOST_5
2018-12-22 17:44:06.993 [restartedMain] INFO  s.d.s.w.r.operation.CachingOperationNameGenerator - Generating unique operation named: updateCoreMenuUsingPOST_5
2018-12-22 17:44:06.996 [restartedMain] INFO  s.d.s.w.r.operation.CachingOperationNameGenerator - Generating unique operation named: homeUsingGET_1
2018-12-22 17:44:07.004 [restartedMain] WARN  s.d.s.w.readers.parameter.ParameterDataTypeReader - Trying to infer dataType org.springframework.web.multipart.MultipartFile[]
2018-12-22 17:44:07.006 [restartedMain] INFO  s.d.s.w.r.operation.CachingOperationNameGenerator - Generating unique operation named: uploadsUsingPOST_1
2018-12-22 17:44:07.015 [restartedMain] INFO  s.d.s.w.r.operation.CachingOperationNameGenerator - Generating unique operation named: addUsingPOST_6
2018-12-22 17:44:07.018 [restartedMain] INFO  s.d.s.w.r.operation.CachingOperationNameGenerator - Generating unique operation named: addUsingGET_6
2018-12-22 17:44:07.026 [restartedMain] INFO  s.d.s.w.r.operation.CachingOperationNameGenerator - Generating unique operation named: deleteBatchUsingPOST_5
2018-12-22 17:44:07.028 [restartedMain] INFO  s.d.s.w.r.operation.CachingOperationNameGenerator - Generating unique operation named: indexUsingGET_10
2018-12-22 17:44:07.033 [restartedMain] INFO  s.d.s.w.r.operation.CachingOperationNameGenerator - Generating unique operation named: pageUsingPOST_8
2018-12-22 17:44:07.035 [restartedMain] INFO  s.d.s.w.r.operation.CachingOperationNameGenerator - Generating unique operation named: indexUsingGET_11
2018-12-22 17:44:07.045 [restartedMain] INFO  s.d.s.w.r.operation.CachingOperationNameGenerator - Generating unique operation named: pageUsingPOST_9
2018-12-22 17:44:07.048 [restartedMain] INFO  s.d.s.w.r.operation.CachingOperationNameGenerator - Generating unique operation named: addUsingGET_7
2018-12-22 17:44:07.052 [restartedMain] INFO  s.d.s.w.r.operation.CachingOperationNameGenerator - Generating unique operation named: deleteBatchUsingPOST_6
2018-12-22 17:44:07.053 [restartedMain] INFO  s.d.s.w.r.operation.CachingOperationNameGenerator - Generating unique operation named: indexUsingGET_12
2018-12-22 17:44:07.066 [restartedMain] INFO  s.d.s.w.r.operation.CachingOperationNameGenerator - Generating unique operation named: pageUsingPOST_10
2018-12-22 17:44:07.096 [restartedMain] INFO  org.apache.coyote.http11.Http11NioProtocol - Starting ProtocolHandler ["http-nio-8017"]
2018-12-22 17:44:07.126 [restartedMain] INFO  org.apache.tomcat.util.net.NioSelectorPool - Using a shared selector for servlet write/read
2018-12-22 17:44:07.157 [restartedMain] INFO  o.s.boot.web.embedded.tomcat.TomcatWebServer - Tomcat started on port(s): 8017 (http) with context path ''
2018-12-22 17:44:07.166 [restartedMain] INFO  org.mintleaf.MintLeafApplication - Started MintLeafApplication in 11.799 seconds (JVM running for 13.225)
2018-12-22 17:44:43.453 [http-nio-8017-exec-1] INFO  org.apache.tomcat.util.http.parser.Cookie - A cookie header was received [1543719806] that contained an invalid cookie. That cookie will be ignored.Note: further occurrences of this error will be logged at DEBUG level.
2018-12-22 17:44:43.465 [http-nio-8017-exec-1] INFO  o.a.c.core.ContainerBase.[Tomcat].[localhost].[/] - Initializing Spring FrameworkServlet 'dispatcherServlet'
2018-12-22 17:44:43.465 [http-nio-8017-exec-1] INFO  org.springframework.web.servlet.DispatcherServlet - FrameworkServlet 'dispatcherServlet': initialization started
2018-12-22 17:44:43.525 [http-nio-8017-exec-1] INFO  org.springframework.web.servlet.DispatcherServlet - FrameworkServlet 'dispatcherServlet': initialization completed in 60 ms
2018-12-22 17:47:06.519 [http-nio-8017-exec-6] INFO  o.m.m.core.controller.WarehouseInfoController - 
2018-12-22 18:01:01.424 [http-nio-8017-exec-7] INFO  o.m.m.core.controller.WarehouseInfoController - 
2018-12-22 18:01:03.269 [http-nio-8017-exec-9] INFO  o.m.m.core.controller.WarehouseInfoController - 
